<?xml version="1.0" encoding="UTF-8"?>
<!-- Generated by org.testng.reporters.JUnitReportReporter -->
<testsuite skipped="0" hostname="LAPTOP-2J21LSFE" name="exampleAnnotations.Demo2" tests="1" failures="0" timestamp="16 Jul 2017 17:18:14 GMT" time="0.001" errors="0">
  <testcase name="Test3" time="0.001" classname="exampleAnnotations.Demo2"/>
</testsuite> <!-- exampleAnnotations.Demo2 -->
