<?xml version="1.0" encoding="UTF-8"?>
<!-- Generated by org.testng.reporters.JUnitReportReporter -->
<testsuite skipped="0" hostname="LAPTOP-2J21LSFE" name="exampleAnnotations.Demo" tests="2" failures="0" timestamp="16 Jul 2017 17:18:14 GMT" time="0.010" errors="0">
  <testcase name="Test1" time="0.007" classname="exampleAnnotations.Demo"/>
  <testcase name="Test2" time="0.003" classname="exampleAnnotations.Demo"/>
</testsuite> <!-- exampleAnnotations.Demo -->
