<?xml version="1.0" encoding="UTF-8"?>
<!-- Generated by org.testng.reporters.JUnitReportReporter -->
<testsuite skipped="0" hostname="LAPTOP-2J21LSFE" name="capture.Example" tests="1" failures="0" timestamp="15 Jul 2017 22:56:23 GMT" time="13.606" errors="0">
  <testcase name="captureScreenshot" time="13.606" classname="capture.Example"/>
</testsuite> <!-- capture.Example -->
