<?xml version="1.0" encoding="UTF-8"?>
<!-- Generated by org.testng.reporters.JUnitReportReporter -->
<testsuite skipped="0" hostname="LAPTOP-2J21LSFE" name="example.WindowSwitch" tests="1" failures="0" timestamp="15 Jul 2017 22:37:31 GMT" time="35.232" errors="0">
  <testcase name="switchChildWindow" time="35.232" classname="example.WindowSwitch"/>
</testsuite> <!-- example.WindowSwitch -->
